#
# There is insufficient memory for the Java Runtime Environment to continue.
# Native memory allocation (malloc) failed to allocate 1783504 bytes for Chunk::new
# Possible reasons:
#   The system is out of physical RAM or swap space
#   The process is running with CompressedOops enabled, and the Java Heap may be blocking the growth of the native heap
# Possible solutions:
#   Reduce memory load on the system
#   Increase physical memory or swap space
#   Check if swap backing store is full
#   Decrease Java heap size (-Xmx/-Xms)
#   Decrease number of Java threads
#   Decrease Java thread stack sizes (-Xss)
#   Set larger code cache with -XX:ReservedCodeCacheSize=
#   JVM is running with Unscaled Compressed Oops mode in which the Java heap is
#     placed in the first 4GB address space. The Java Heap base address is the
#     maximum limit for the native heap growth. Please use -XX:HeapBaseMinAddress
#     to set the Java Heap base and to place the Java Heap above 4GB virtual address.
# This output file may be truncated or incomplete.
#
#  Out of Memory Error (allocation.cpp:390), pid=7244, tid=0x000000000000527c
#
# JRE version: Java(TM) SE Runtime Environment (8.0_201-b09) (build 1.8.0_201-b09)
# Java VM: Java HotSpot(TM) 64-Bit Server VM (25.201-b09 mixed mode windows-amd64 compressed oops)
# Failed to write core dump. Minidumps are not enabled by default on client versions of Windows
#

---------------  T H R E A D  ---------------

Current thread (0x0000000019a9a000):  JavaThread "C2 CompilerThread1" daemon [_thread_in_native, id=21116, stack(0x000000001a3e0000,0x000000001a4e0000)]

Stack: [0x000000001a3e0000,0x000000001a4e0000]
[error occurred during error reporting (printing stack bounds), id 0xc0000005]

Native frames: (J=compiled Java code, j=interpreted, Vv=VM code, C=native code)


Current CompileTask:
C2:   3691 3877       4       java.net.URLClassLoader$1::run (5 bytes)


---------------  P R O C E S S  ---------------

Java Threads: ( => current thread )
  0x0000000019b4e000 JavaThread "Service Thread" daemon [_thread_blocked, id=13780, stack(0x000000001a6e0000,0x000000001a7e0000)]
  0x0000000019aaa000 JavaThread "C1 CompilerThread3" daemon [_thread_blocked, id=6768, stack(0x000000001a5e0000,0x000000001a6e0000)]
  0x0000000019a9d000 JavaThread "C2 CompilerThread2" daemon [_thread_in_native, id=5024, stack(0x000000001a4e0000,0x000000001a5e0000)]
=>0x0000000019a9a000 JavaThread "C2 CompilerThread1" daemon [_thread_in_native, id=21116, stack(0x000000001a3e0000,0x000000001a4e0000)]
  0x0000000019a96000 JavaThread "C2 CompilerThread0" daemon [_thread_in_native, id=19824, stack(0x000000001a2e0000,0x000000001a3e0000)]
  0x0000000019a94000 JavaThread "Monitor Ctrl-Break" daemon [_thread_in_native, id=20056, stack(0x000000001a1e0000,0x000000001a2e0000)]
  0x0000000019a18000 JavaThread "Attach Listener" daemon [_thread_blocked, id=13352, stack(0x000000001a0e0000,0x000000001a1e0000)]
  0x0000000019a72800 JavaThread "Signal Dispatcher" daemon [_thread_blocked, id=2388, stack(0x0000000019fe0000,0x000000001a0e0000)]
  0x0000000017bfe000 JavaThread "Finalizer" daemon [_thread_blocked, id=18924, stack(0x0000000019ee0000,0x0000000019fe0000)]
  0x0000000019a00800 JavaThread "Reference Handler" daemon [_thread_blocked, id=20516, stack(0x0000000019de0000,0x0000000019ee0000)]
  0x0000000002b42800 JavaThread "main" [_thread_in_native, id=21280, stack(0x0000000002490000,0x0000000002590000)]

Other Threads:
  0x0000000017bfa000 VMThread [stack: 0x00000000198e0000,0x00000000199e0000] [id=20400]
  0x0000000019b63800 WatcherThread [stack: 0x000000001a7e0000,0x000000001a8e0000] [id=3460]

VM state:not at safepoint (normal execution)

VM Mutex/Monitor currently owned by a thread: None

heap address: 0x0000000082e00000, size: 2002 MB, Compressed Oops mode: 32-bit
Narrow klass base: 0x0000000000000000, Narrow klass shift: 3
Compressed class space size: 1073741824 Address: 0x0000000100000000

Heap:
 PSYoungGen      total 145408K, used 28136K [0x00000000d6500000, 0x00000000e8e00000, 0x0000000100000000)
  eden space 128000K, 21% used [0x00000000d6500000,0x00000000d807a1c8,0x00000000de200000)
  from space 17408K, 0% used [0x00000000de200000,0x00000000de200000,0x00000000df300000)
  to   space 24064K, 0% used [0x00000000e7680000,0x00000000e7680000,0x00000000e8e00000)
 ParOldGen       total 96256K, used 37033K [0x0000000082e00000, 0x0000000088c00000, 0x00000000d6500000)
  object space 96256K, 38% used [0x0000000082e00000,0x000000008522a508,0x0000000088c00000)
 Metaspace       used 22094K, capacity 22714K, committed 23040K, reserved 1069056K
  class space    used 2587K, capacity 2726K, committed 2816K, reserved 1048576K

Card table byte_map: [0x0000000012100000,0x00000000124f0000] byte_map_base: 0x0000000011ce9000

Marking Bits: (ParMarkBitMap*) 0x0000000072cb4ce0
 Begin Bits: [0x0000000012f90000, 0x0000000014ed8000)
 End Bits:   [0x0000000014ed8000, 0x0000000016e20000)

Polling page: 0x0000000000c80000

CodeCache: size=245760Kb used=14741Kb max_used=14756Kb free=231018Kb
 bounds [0x0000000002d40000, 0x0000000003bc0000, 0x0000000011d40000]
 total_blobs=4306 nmethods=3916 adapters=302
 compilation: enabled

Compilation events (10 events):
Event: 3.667 Thread 0x0000000019aaa000 3937       1       java.net.URLStreamHandler::getDefaultPort (2 bytes)
Event: 3.668 Thread 0x0000000019aaa000 nmethod 3937 0x0000000003badc90 code [0x0000000003badde0, 0x0000000003badef0]
Event: 3.669 Thread 0x0000000019a9d000 nmethod 3909 0x0000000003badf50 code [0x0000000003bae3e0, 0x0000000003bb2430]
Event: 3.669 Thread 0x0000000019a9d000 3910       4       java.util.jar.Attributes$Name::isValid (45 bytes)
Event: 3.673 Thread 0x0000000019a9d000 nmethod 3910 0x0000000003babb10 code [0x0000000003babc60, 0x0000000003babf98]
Event: 3.673 Thread 0x0000000019a9d000 3912       4       java.util.jar.Manifest$FastInputStream::readLine (9 bytes)
Event: 3.677 Thread 0x0000000019a9d000 nmethod 3912 0x0000000003bad450 code [0x0000000003bad5a0, 0x0000000003bad9c8]
Event: 3.677 Thread 0x0000000019a9d000 3911       4       java.lang.String::checkBounds (46 bytes)
Event: 3.678 Thread 0x0000000019a9d000 nmethod 3911 0x0000000003bad190 code [0x0000000003bad2c0, 0x0000000003bad378]
Event: 3.678 Thread 0x0000000019a9d000 3914   !   4       java.lang.StringCoding::decode (120 bytes)

GC Heap History (10 events):
Event: 1.517 GC heap before
{Heap before GC invocations=4 (full 0):
 PSYoungGen      total 37888K, used 37880K [0x00000000d6500000, 0x00000000daf00000, 0x0000000100000000)
  eden space 32768K, 100% used [0x00000000d6500000,0x00000000d8500000,0x00000000d8500000)
  from space 5120K, 99% used [0x00000000d8500000,0x00000000d89fe030,0x00000000d8a00000)
  to   space 5120K, 0% used [0x00000000daa00000,0x00000000daa00000,0x00000000daf00000)
 ParOldGen       total 86016K, used 4897K [0x0000000082e00000, 0x0000000088200000, 0x00000000d6500000)
  object space 86016K, 5% used [0x0000000082e00000,0x00000000832c8530,0x0000000088200000)
 Metaspace       used 15800K, capacity 16100K, committed 16384K, reserved 1062912K
  class space    used 1880K, capacity 1979K, committed 2048K, reserved 1048576K
Event: 1.527 GC heap after
Heap after GC invocations=4 (full 0):
 PSYoungGen      total 70656K, used 5096K [0x00000000d6500000, 0x00000000daf00000, 0x0000000100000000)
  eden space 65536K, 0% used [0x00000000d6500000,0x00000000d6500000,0x00000000da500000)
  from space 5120K, 99% used [0x00000000daa00000,0x00000000daefa060,0x00000000daf00000)
  to   space 5120K, 0% used [0x00000000da500000,0x00000000da500000,0x00000000daa00000)
 ParOldGen       total 86016K, used 8497K [0x0000000082e00000, 0x0000000088200000, 0x00000000d6500000)
  object space 86016K, 9% used [0x0000000082e00000,0x000000008364c708,0x0000000088200000)
 Metaspace       used 15800K, capacity 16100K, committed 16384K, reserved 1062912K
  class space    used 1880K, capacity 1979K, committed 2048K, reserved 1048576K
}
Event: 1.956 GC heap before
{Heap before GC invocations=5 (full 0):
 PSYoungGen      total 70656K, used 70632K [0x00000000d6500000, 0x00000000daf00000, 0x0000000100000000)
  eden space 65536K, 100% used [0x00000000d6500000,0x00000000da500000,0x00000000da500000)
  from space 5120K, 99% used [0x00000000daa00000,0x00000000daefa060,0x00000000daf00000)
  to   space 5120K, 0% used [0x00000000da500000,0x00000000da500000,0x00000000daa00000)
 ParOldGen       total 86016K, used 8497K [0x0000000082e00000, 0x0000000088200000, 0x00000000d6500000)
  object space 86016K, 9% used [0x0000000082e00000,0x000000008364c708,0x0000000088200000)
 Metaspace       used 16399K, capacity 16806K, committed 17152K, reserved 1064960K
  class space    used 1900K, capacity 2016K, committed 2048K, reserved 1048576K
Event: 1.977 GC heap after
Heap after GC invocations=5 (full 0):
 PSYoungGen      total 70656K, used 5096K [0x00000000d6500000, 0x00000000e0100000, 0x0000000100000000)
  eden space 65536K, 0% used [0x00000000d6500000,0x00000000d6500000,0x00000000da500000)
  from space 5120K, 99% used [0x00000000da500000,0x00000000da9fa040,0x00000000daa00000)
  to   space 14336K, 0% used [0x00000000df300000,0x00000000df300000,0x00000000e0100000)
 ParOldGen       total 86016K, used 17915K [0x0000000082e00000, 0x0000000088200000, 0x00000000d6500000)
  object space 86016K, 20% used [0x0000000082e00000,0x0000000083f7ed90,0x0000000088200000)
 Metaspace       used 16399K, capacity 16806K, committed 17152K, reserved 1064960K
  class space    used 1900K, capacity 2016K, committed 2048K, reserved 1048576K
}
Event: 2.398 GC heap before
{Heap before GC invocations=6 (full 0):
 PSYoungGen      total 70656K, used 70632K [0x00000000d6500000, 0x00000000e0100000, 0x0000000100000000)
  eden space 65536K, 100% used [0x00000000d6500000,0x00000000da500000,0x00000000da500000)
  from space 5120K, 99% used [0x00000000da500000,0x00000000da9fa040,0x00000000daa00000)
  to   space 14336K, 0% used [0x00000000df300000,0x00000000df300000,0x00000000e0100000)
 ParOldGen       total 86016K, used 17915K [0x0000000082e00000, 0x0000000088200000, 0x00000000d6500000)
  object space 86016K, 20% used [0x0000000082e00000,0x0000000083f7ed90,0x0000000088200000)
 Metaspace       used 16647K, capacity 17080K, committed 17408K, reserved 1064960K
  class space    used 1901K, capacity 2019K, committed 2048K, reserved 1048576K
Event: 2.412 GC heap after
Heap after GC invocations=6 (full 0):
 PSYoungGen      total 142336K, used 14328K [0x00000000d6500000, 0x00000000e0700000, 0x0000000100000000)
  eden space 128000K, 0% used [0x00000000d6500000,0x00000000d6500000,0x00000000de200000)
  from space 14336K, 99% used [0x00000000df300000,0x00000000e00fe050,0x00000000e0100000)
  to   space 17408K, 0% used [0x00000000de200000,0x00000000de200000,0x00000000df300000)
 ParOldGen       total 86016K, used 19120K [0x0000000082e00000, 0x0000000088200000, 0x00000000d6500000)
  object space 86016K, 22% used [0x0000000082e00000,0x00000000840ac0e8,0x0000000088200000)
 Metaspace       used 16647K, capacity 17080K, committed 17408K, reserved 1064960K
  class space    used 1901K, capacity 2019K, committed 2048K, reserved 1048576K
}
Event: 3.255 GC heap before
{Heap before GC invocations=7 (full 0):
 PSYoungGen      total 142336K, used 131441K [0x00000000d6500000, 0x00000000e0700000, 0x0000000100000000)
  eden space 128000K, 91% used [0x00000000d6500000,0x00000000dd75e490,0x00000000de200000)
  from space 14336K, 99% used [0x00000000df300000,0x00000000e00fe050,0x00000000e0100000)
  to   space 17408K, 0% used [0x00000000de200000,0x00000000de200000,0x00000000df300000)
 ParOldGen       total 86016K, used 19120K [0x0000000082e00000, 0x0000000088200000, 0x00000000d6500000)
  object space 86016K, 22% used [0x0000000082e00000,0x00000000840ac0e8,0x0000000088200000)
 Metaspace       used 20597K, capacity 21146K, committed 21248K, reserved 1069056K
  class space    used 2381K, capacity 2502K, committed 2560K, reserved 1048576K
Event: 3.281 GC heap after
Heap after GC invocations=7 (full 0):
 PSYoungGen      total 145408K, used 17405K [0x00000000d6500000, 0x00000000e8e00000, 0x0000000100000000)
  eden space 128000K, 0% used [0x00000000d6500000,0x00000000d6500000,0x00000000de200000)
  from space 17408K, 99% used [0x00000000de200000,0x00000000df2ff7f0,0x00000000df300000)
  to   space 24064K, 0% used [0x00000000e7680000,0x00000000e7680000,0x00000000e8e00000)
 ParOldGen       total 86016K, used 26446K [0x0000000082e00000, 0x0000000088200000, 0x00000000d6500000)
  object space 86016K, 30% used [0x0000000082e00000,0x00000000847d3b80,0x0000000088200000)
 Metaspace       used 20597K, capacity 21146K, committed 21248K, reserved 1069056K
  class space    used 2381K, capacity 2502K, committed 2560K, reserved 1048576K
}
Event: 3.282 GC heap before
{Heap before GC invocations=8 (full 1):
 PSYoungGen      total 145408K, used 17405K [0x00000000d6500000, 0x00000000e8e00000, 0x0000000100000000)
  eden space 128000K, 0% used [0x00000000d6500000,0x00000000d6500000,0x00000000de200000)
  from space 17408K, 99% used [0x00000000de200000,0x00000000df2ff7f0,0x00000000df300000)
  to   space 24064K, 0% used [0x00000000e7680000,0x00000000e7680000,0x00000000e8e00000)
 ParOldGen       total 86016K, used 26446K [0x0000000082e00000, 0x0000000088200000, 0x00000000d6500000)
  object space 86016K, 30% used [0x0000000082e00000,0x00000000847d3b80,0x0000000088200000)
 Metaspace       used 20597K, capacity 21146K, committed 21248K, reserved 1069056K
  class space    used 2381K, capacity 2502K, committed 2560K, reserved 1048576K
Event: 3.368 GC heap after
Heap after GC invocations=8 (full 1):
 PSYoungGen      total 145408K, used 0K [0x00000000d6500000, 0x00000000e8e00000, 0x0000000100000000)
  eden space 128000K, 0% used [0x00000000d6500000,0x00000000d6500000,0x00000000de200000)
  from space 17408K, 0% used [0x00000000de200000,0x00000000de200000,0x00000000df300000)
  to   space 24064K, 0% used [0x00000000e7680000,0x00000000e7680000,0x00000000e8e00000)
 ParOldGen       total 96256K, used 37033K [0x0000000082e00000, 0x0000000088c00000, 0x00000000d6500000)
  object space 96256K, 38% used [0x0000000082e00000,0x000000008522a508,0x0000000088c00000)
 Metaspace       used 20597K, capacity 21146K, committed 21248K, reserved 1069056K
  class space    used 2381K, capacity 2502K, committed 2560K, reserved 1048576K
}

Deoptimization events (10 events):
Event: 2.849 Thread 0x0000000002b42800 Uncommon trap: reason=class_check action=maybe_recompile pc=0x00000000038b43f8 method=org.eclipse.sisu.wire.EntryListAdapter$ValueIterator.next()Ljava/lang/Object; @ 4
Event: 2.958 Thread 0x0000000002b42800 Uncommon trap: reason=predicate action=maybe_recompile pc=0x0000000003ac4748 method=java.util.TimSort.binarySort([Ljava/lang/Object;IIILjava/util/Comparator;)V @ 37
Event: 2.972 Thread 0x0000000002b42800 Uncommon trap: reason=class_check action=maybe_recompile pc=0x00000000038b43f8 method=org.eclipse.sisu.wire.EntryListAdapter$ValueIterator.next()Ljava/lang/Object; @ 4
Event: 2.983 Thread 0x0000000002b42800 Uncommon trap: reason=class_check action=maybe_recompile pc=0x00000000038b43f8 method=org.eclipse.sisu.wire.EntryListAdapter$ValueIterator.next()Ljava/lang/Object; @ 4
Event: 3.072 Thread 0x0000000002b42800 Uncommon trap: reason=array_check action=maybe_recompile pc=0x0000000003ad7108 method=java.util.TimSort.binarySort([Ljava/lang/Object;IIILjava/util/Comparator;)V @ 215
Event: 3.072 Thread 0x0000000002b42800 Uncommon trap: reason=array_check action=maybe_recompile pc=0x0000000003ad7294 method=java.util.TimSort.binarySort([Ljava/lang/Object;IIILjava/util/Comparator;)V @ 183
Event: 3.072 Thread 0x0000000002b42800 Uncommon trap: reason=array_check action=maybe_recompile pc=0x0000000003ad71cc method=java.util.TimSort.binarySort([Ljava/lang/Object;IIILjava/util/Comparator;)V @ 193
Event: 3.072 Thread 0x0000000002b42800 Uncommon trap: reason=array_check action=maybe_recompile pc=0x0000000003ad71cc method=java.util.TimSort.binarySort([Ljava/lang/Object;IIILjava/util/Comparator;)V @ 193
Event: 3.161 Thread 0x0000000002b42800 Uncommon trap: reason=predicate action=maybe_recompile pc=0x000000000360a12c method=sun.misc.Resource.getBytes()[B @ 53
Event: 3.517 Thread 0x0000000002b42800 Uncommon trap: reason=unstable_if action=reinterpret pc=0x0000000003b268c0 method=java.util.jar.Attributes$Name.isDigit(C)Z @ 3

Classes redefined (0 events):
No events

Internal exceptions (10 events):
Event: 1.034 Thread 0x0000000002b42800 Exception <a 'java/lang/NoClassDefFoundError'> (0x00000000d74d0ee8) thrown at [C:\re\workspace\8-2-build-windows-amd64-cygwin\jdk8u201\12322\hotspot\src\share\vm\prims\jvm.cpp, line 1506]
Event: 1.192 Thread 0x0000000002b42800 Implicit null exception at 0x0000000003093516 to 0x00000000030938b1
Event: 1.192 Thread 0x0000000002b42800 Implicit null exception at 0x0000000002f59356 to 0x0000000002f596ed
Event: 1.289 Thread 0x0000000002b42800 Implicit null exception at 0x0000000003323750 to 0x0000000003324a11
Event: 1.493 Thread 0x0000000002b42800 Implicit null exception at 0x00000000034bd730 to 0x00000000034be3ad
Event: 1.575 Thread 0x0000000002b42800 Implicit null exception at 0x00000000035325f7 to 0x0000000003532841
Event: 2.627 Thread 0x0000000002b42800 Implicit null exception at 0x0000000002fa1955 to 0x0000000002fa1b2d
Event: 2.628 Thread 0x0000000002b42800 Implicit null exception at 0x00000000030d252f to 0x00000000030d2599
Event: 2.702 Thread 0x0000000002b42800 Implicit null exception at 0x0000000003925688 to 0x0000000003925cf9
Event: 3.160 Thread 0x0000000002b42800 Exception <a 'java/lang/ClassNotFoundException': com/sun/tools/javac/api/JavacTool> (0x00000000dccd12c0) thrown at [C:\re\workspace\8-2-build-windows-amd64-cygwin\jdk8u201\12322\hotspot\src\share\vm\classfile\systemDictionary.cpp, line 210]

Events (10 events):
Event: 3.646 loading class com/sun/tools/javac/util/ServiceLoader
Event: 3.646 loading class com/sun/tools/javac/util/ServiceLoader done
Event: 3.646 loading class com/sun/tools/javac/util/ServiceLoader$LazyIterator
Event: 3.646 loading class com/sun/tools/javac/util/ServiceLoader$LazyIterator done
Event: 3.646 loading class com/sun/tools/javac/util/ServiceLoader$1
Event: 3.646 loading class com/sun/tools/javac/util/ServiceLoader$1 done
Event: 3.646 loading class com/sun/tools/javac/processing/JavacProcessingEnvironment$DiscoveredProcessors
Event: 3.646 loading class com/sun/tools/javac/processing/JavacProcessingEnvironment$DiscoveredProcessors done
Event: 3.647 loading class com/sun/tools/javac/processing/JavacProcessingEnvironment$DiscoveredProcessors$ProcessorStateIterator
Event: 3.647 loading class com/sun/tools/javac/processing/JavacProcessingEnvironment$DiscoveredProcessors$ProcessorStateIterator done


Dynamic libraries:
0x00007ff6e8800000 - 0x00007ff6e8837000 	D:\jdk1.8\bin\java.exe
0x00007ffaa3ab0000 - 0x00007ffaa3ca8000 	C:\WINDOWS\SYSTEM32\ntdll.dll
0x00007ffaa24a0000 - 0x00007ffaa255f000 	C:\WINDOWS\System32\KERNEL32.DLL
0x00007ffaa1230000 - 0x00007ffaa1502000 	C:\WINDOWS\System32\KERNELBASE.dll
0x00007ffaa38b0000 - 0x00007ffaa395e000 	C:\WINDOWS\System32\ADVAPI32.dll
0x00007ffaa2d80000 - 0x00007ffaa2e1e000 	C:\WINDOWS\System32\msvcrt.dll
0x00007ffaa39a0000 - 0x00007ffaa3a3c000 	C:\WINDOWS\System32\sechost.dll
0x00007ffaa2220000 - 0x00007ffaa2345000 	C:\WINDOWS\System32\RPCRT4.dll
0x00007ffaa3710000 - 0x00007ffaa38ad000 	C:\WINDOWS\System32\USER32.dll
0x00007ffaa1200000 - 0x00007ffaa1222000 	C:\WINDOWS\System32\win32u.dll
0x00007ffaa2e20000 - 0x00007ffaa2e4b000 	C:\WINDOWS\System32\GDI32.dll
0x00007ffaa1510000 - 0x00007ffaa161f000 	C:\WINDOWS\System32\gdi32full.dll
0x00007ffaa1a60000 - 0x00007ffaa1afd000 	C:\WINDOWS\System32\msvcp_win.dll
0x00007ffaa1930000 - 0x00007ffaa1a30000 	C:\WINDOWS\System32\ucrtbase.dll
0x00007ffa82cc0000 - 0x00007ffa82f5a000 	C:\WINDOWS\WinSxS\amd64_microsoft.windows.common-controls_6595b64144ccf1df_6.0.19041.1110_none_60b5254171f9507e\COMCTL32.dll
0x00007ffaa3960000 - 0x00007ffaa3992000 	C:\WINDOWS\System32\IMM32.DLL
0x0000000073120000 - 0x000000007312c000 	D:\360Safe\safemon\SafeWrapper.dll
0x00007ffa774c0000 - 0x00007ffa77561000 	D:\360Safe\safemon\libzdtp64.dll
0x00007ffaa2560000 - 0x00007ffaa2ca3000 	C:\WINDOWS\System32\SHELL32.dll
0x00007ffaa33f0000 - 0x00007ffaa3445000 	C:\WINDOWS\System32\SHLWAPI.dll
0x00007ffaa0d40000 - 0x00007ffaa0d4a000 	C:\WINDOWS\SYSTEM32\VERSION.dll
0x0000000072d40000 - 0x0000000072e11000 	D:\jdk1.8\jre\bin\msvcr100.dll
0x0000000072490000 - 0x0000000072d34000 	D:\jdk1.8\jre\bin\server\jvm.dll
0x00007ffaa2e60000 - 0x00007ffaa2e68000 	C:\WINDOWS\System32\PSAPI.DLL
0x00007ffa88050000 - 0x00007ffa88077000 	C:\WINDOWS\SYSTEM32\WINMM.dll
0x00007ffa87620000 - 0x00007ffa87629000 	C:\WINDOWS\SYSTEM32\WSOCK32.dll
0x00007ffaa2d10000 - 0x00007ffaa2d7b000 	C:\WINDOWS\System32\WS2_32.dll
0x00007ffa97ee0000 - 0x00007ffa97eef000 	D:\jdk1.8\jre\bin\verify.dll
0x00007ffa97650000 - 0x00007ffa97679000 	D:\jdk1.8\jre\bin\java.dll
0x00007ffa95ed0000 - 0x00007ffa95ef3000 	D:\jdk1.8\jre\bin\instrument.dll
0x00007ffa97ec0000 - 0x00007ffa97ed6000 	D:\jdk1.8\jre\bin\zip.dll
0x00007ffa9ee50000 - 0x00007ffa9f5e2000 	C:\WINDOWS\SYSTEM32\windows.storage.dll
0x00007ffaa1cc0000 - 0x00007ffaa2014000 	C:\WINDOWS\System32\combase.dll
0x00007ffaa0ba0000 - 0x00007ffaa0bd0000 	C:\WINDOWS\SYSTEM32\Wldp.dll
0x00007ffaa34b0000 - 0x00007ffaa355d000 	C:\WINDOWS\System32\SHCORE.dll
0x00007ffaa10f0000 - 0x00007ffaa110f000 	C:\WINDOWS\SYSTEM32\profapi.dll
0x00007ffa95eb0000 - 0x00007ffa95eca000 	D:\idea\IntelliJ IDEA 2020.3.1\bin\breakgen64.dll
0x00007ffa970c0000 - 0x00007ffa970da000 	D:\jdk1.8\jre\bin\net.dll
0x00007ffa89b10000 - 0x00007ffa89cfd000 	C:\WINDOWS\SYSTEM32\urlmon.dll
0x00007ffaa05e0000 - 0x00007ffaa05ec000 	C:\WINDOWS\SYSTEM32\netutils.dll
0x00007ffa8c2f0000 - 0x00007ffa8c5a1000 	C:\WINDOWS\SYSTEM32\iertutil.dll
0x00007ffa89ae0000 - 0x00007ffa89b08000 	C:\WINDOWS\SYSTEM32\srvcli.dll
0x00007ffaa0900000 - 0x00007ffaa096a000 	C:\WINDOWS\system32\mswsock.dll
0x0000000069ac0000 - 0x0000000069ae4000 	C:\Users\14594\AppData\Local\Temp\jansi-2.4.0-441e881403ddf752-jansi.dll
0x00007ffa97010000 - 0x00007ffa97021000 	D:\jdk1.8\jre\bin\nio.dll

VM Arguments:
jvm_args: -Dmaven.multiModuleProjectDirectory=E:\gitworkspace\micro-server-template\micro-commons\commons-swagger -Dmaven.home=D:\maven\apache-maven-3.8.4 -Dclassworlds.conf=D:\maven\apache-maven-3.8.4\bin\m2.conf -Dmaven.ext.class.path=D:\idea\IntelliJ IDEA 2020.3.1\plugins\maven\lib\maven-event-listener.jar -javaagent:D:\idea\IntelliJ IDEA 2020.3.1\lib\idea_rt.jar=62908:D:\idea\IntelliJ IDEA 2020.3.1\bin -Dfile.encoding=UTF-8 
java_command: org.codehaus.classworlds.Launcher -Didea.version=2020.3.1 -s D:\maven\apache-maven-3.8.4\conf\settings.xml -Dmaven.repo.local=D:\maven\MicroWarehouse clean deploy
java_class_path (initial): D:\maven\apache-maven-3.8.4\boot\plexus-classworlds-2.6.0.jar;D:\maven\apache-maven-3.8.4\boot\plexus-classworlds.license;D:\idea\IntelliJ IDEA 2020.3.1\lib\idea_rt.jar
Launcher Type: SUN_STANDARD

Environment Variables:
JAVA_HOME=D:\jdk1.8
CLASSPATH=.;D:\jdk1.8\lib\dt.jar;D:\jdk1.8\lib\tools.jar;D:\hadoop-3.1.2\bin\winutils.exe;D:\hadoop-3.1.2\bin;
PATH=E:\app\14594\product\11.2.0\client_1;D:\xftp\;C:\Program Files (x86)\Common Files\Oracle\Java\javapath;C:\Program Files (x86)\Intel\Intel(R) Management Engine Components\iCLS\;C:\Program Files\Intel\Intel(R) Management Engine Components\iCLS\;C:\Windows\system32;C:\Windows;C:\Windows\System32\Wbem;C:\Windows\System32\WindowsPowerShell\v1.0\;C:\Windows\System32\OpenSSH\;C:\Program Files (x86)\Intel\Intel(R) Management Engine Components\DAL;C:\Program Files\Intel\Intel(R) Management Engine Components\DAL;C:\Program Files\MySQL\MySQL Utilities 1.6\;C:\Program Files (x86)\Google\Chrome\Application\chrome.exe;C:\Program Files (x86)\Windows Kits\8.1\Windows Performance Toolkit\;E:\PythonWorkspace\venv\Lib\site-packages\django;E:\PythonWorkspace\venv\Scripts;C:\Program Files\Intel\WiFi\bin\;C:\Program Files\Common Files\Intel\WirelessCommon\;D:\graphviz\graphviz-2.38\release\bin;D:\python3.6.8\Scripts\;D:\python3.6.8\;C:\WINDOWS\system32;C:\WINDOWS;C:\WINDOWS\System32\Wbem;C:\WINDOWS\System32\WindowsPowerShell\v1.0\;C:\WINDOWS\System32\OpenSSH\;D:\tesseract\Tesseract-OCR;%M2_HOME\bin;C:\Program Files\Git\cmd;D:\xshell\;D:\node\;D:\python3\Scripts\;D:\python3\;C:\Users\14594\AppData\Local\Programs\Python\Launcher\;C:\Users\14594\AppData\Local\Microsoft\WindowsApps;D:\pycharm\PyCharm 2018.3.5\bin;D:\jdk1.8\bin;D:\jdk1.8\jre\bin;D:\spark-2.4.1-bin-hadoop2.7\bin;D:\hadoop-3.1.2\bin;D:\graphviz\graphviz-2.38\release\bin;C:\Users\14594\AppData\Local\Microsoft\WindowsApps;D:\idea\IntelliJ IDEA 2020.3.1\bin;C:\Users\14594\AppData\Roaming\npm
USERNAME=14594
OS=Windows_NT
PROCESSOR_IDENTIFIER=Intel64 Family 6 Model 142 Stepping 11, GenuineIntel



---------------  S Y S T E M  ---------------

OS: Windows 10.0 , 64 bit Build 19041 (10.0.19041.2251)

CPU:total 8 (initial active 8) (4 cores per cpu, 2 threads per core) family 6 model 142 stepping 11, cmov, cx8, fxsr, mmx, sse, sse2, sse3, ssse3, sse4.1, sse4.2, popcnt, avx, avx2, aes, clmul, erms, 3dnowpref, lzcnt, ht, tsc, tscinvbit, bmi1, bmi2, adx

Memory: 4k page, physical 8192264k(1294752k free), swap 18196484k(6684k free)

vm_info: Java HotSpot(TM) 64-Bit Server VM (25.201-b09) for windows-amd64 JRE (1.8.0_201-b09), built on Dec 15 2018 18:36:39 by "java_re" with MS VC++ 10.0 (VS2010)

time: Fri Apr 14 19:31:18 2023
timezone: 中国标准时间
elapsed time: 3 seconds (0d 0h 0m 3s)

